This file contains any messages produced by compilers while
running configure, to aid debugging if configure makes a mistake.

It was created by rings configure 1.0, which was
generated by GNU Autoconf 2.68.  Invocation command line was

  $ ./configure --with-gsl=/opt/local --prefix=/Users/farr

## --------- ##
## Platform. ##
## --------- ##

hostname = dhcp-129-105-65-163.astro.northwestern.edu
uname -m = i386
uname -r = 10.7.0
uname -s = Darwin
uname -v = Darwin Kernel Version 10.7.0: Sat Jan 29 15:17:16 PST 2011; root:xnu-1504.9.37~1/RELEASE_I386

/usr/bin/uname -p = i386
/bin/uname -X     = unknown

/bin/arch              = unknown
/usr/bin/arch -k       = unknown
/usr/convex/getsysinfo = unknown
/usr/bin/hostinfo      = Mach kernel version:
	 Darwin Kernel Version 10.7.0: Sat Jan 29 15:17:16 PST 2011; root:xnu-1504.9.37~1/RELEASE_I386
Kernel configured for up to 2 processors.
2 processors are physically available.
2 processors are logically available.
Processor type: i486 (Intel 80486)
Processors active: 0 1
Primary memory available: 4.00 gigabytes
Default processor set: 78 tasks, 407 threads, 2 processors
Load average: 0.20, Mach factor: 1.81
/bin/machine           = unknown
/usr/bin/oslevel       = unknown
/bin/universe          = unknown

PATH: /opt/ldg/bin
PATH: /opt/ldg/sbin
PATH: /opt/local/bin
PATH: /opt/local/sbin
PATH: /usr/bin
PATH: /bin
PATH: /usr/sbin
PATH: /sbin
PATH: /usr/local/bin
PATH: /usr/local/MacGPG2/bin
PATH: /usr/X11/bin
PATH: /Applications/Racket/bin
PATH: /usr/local/bin
PATH: /Users/farr/bin
PATH: /usr/local/Gambit-C/bin
PATH: /Users/farr/.gem/ruby/1.8/bin


## ----------- ##
## Core tests. ##
## ----------- ##

configure:2224: checking for a BSD-compatible install
configure:2292: result: /opt/local/bin/ginstall -c
configure:2303: checking whether build environment is sane
configure:2353: result: yes
configure:2494: checking for a thread-safe mkdir -p
configure:2533: result: /opt/local/bin/gmkdir -p
configure:2546: checking for gawk
configure:2562: found /opt/local/bin/gawk
configure:2573: result: gawk
configure:2584: checking whether make sets $(MAKE)
configure:2606: result: yes
configure:2735: checking for gcc
configure:2751: found /usr/bin/gcc
configure:2762: result: gcc
configure:2991: checking for C compiler version
configure:3000: gcc --version >&5
i686-apple-darwin10-gcc-4.2.1 (GCC) 4.2.1 (Apple Inc. build 5664)
Copyright (C) 2007 Free Software Foundation, Inc.
This is free software; see the source for copying conditions.  There is NO
warranty; not even for MERCHANTABILITY or FITNESS FOR A PARTICULAR PURPOSE.

configure:3011: $? = 0
configure:3000: gcc -v >&5
Using built-in specs.
Target: i686-apple-darwin10
Configured with: /var/tmp/gcc/gcc-5664~105/src/configure --disable-checking --enable-werror --prefix=/usr --mandir=/share/man --enable-languages=c,objc,c++,obj-c++ --program-transform-name=/^[cg][^.-]*$/s/$/-4.2/ --with-slibdir=/usr/lib --build=i686-apple-darwin10 --program-prefix=i686-apple-darwin10- --host=x86_64-apple-darwin10 --target=i686-apple-darwin10 --with-gxx-include-dir=/include/c++/4.2.1
Thread model: posix
gcc version 4.2.1 (Apple Inc. build 5664)
configure:3011: $? = 0
configure:3000: gcc -V >&5
gcc-4.2: argument to `-V' is missing
configure:3011: $? = 1
configure:3000: gcc -qversion >&5
i686-apple-darwin10-gcc-4.2.1: no input files
configure:3011: $? = 1
configure:3031: checking whether the C compiler works
configure:3053: gcc    conftest.c  >&5
configure:3057: $? = 0
configure:3105: result: yes
configure:3108: checking for C compiler default output file name
configure:3110: result: a.out
configure:3116: checking for suffix of executables
configure:3123: gcc -o conftest    conftest.c  >&5
configure:3127: $? = 0
configure:3149: result: 
configure:3171: checking whether we are cross compiling
configure:3179: gcc -o conftest    conftest.c  >&5
configure:3183: $? = 0
configure:3190: ./conftest
configure:3194: $? = 0
configure:3209: result: no
configure:3214: checking for suffix of object files
configure:3236: gcc -c   conftest.c >&5
configure:3240: $? = 0
configure:3261: result: o
configure:3265: checking whether we are using the GNU C compiler
configure:3284: gcc -c   conftest.c >&5
configure:3284: $? = 0
configure:3293: result: yes
configure:3302: checking whether gcc accepts -g
configure:3322: gcc -c -g  conftest.c >&5
configure:3322: $? = 0
configure:3363: result: yes
configure:3380: checking for gcc option to accept ISO C89
configure:3444: gcc  -c -g -O2  conftest.c >&5
configure:3444: $? = 0
configure:3457: result: none needed
configure:3488: checking for style of include used by make
configure:3516: result: GNU
configure:3541: checking dependency style of gcc
configure:3651: result: gcc3
configure:3695: checking build system type
configure:3709: result: x86_64-apple-darwin10.7.0
configure:3729: checking host system type
configure:3742: result: x86_64-apple-darwin10.7.0
configure:3783: checking how to print strings
configure:3810: result: printf
configure:3831: checking for a sed that does not truncate output
configure:3895: result: /opt/local/bin/gsed
configure:3913: checking for grep that handles long lines and -e
configure:3971: result: /usr/bin/grep
configure:3976: checking for egrep
configure:4038: result: /usr/bin/grep -E
configure:4043: checking for fgrep
configure:4105: result: /usr/bin/grep -F
configure:4140: checking for ld used by gcc
configure:4207: result: /usr/libexec/gcc/i686-apple-darwin10/4.2.1/ld
configure:4214: checking if the linker (/usr/libexec/gcc/i686-apple-darwin10/4.2.1/ld) is GNU ld
configure:4229: result: no
configure:4241: checking for BSD- or MS-compatible name lister (nm)
configure:4290: result: /usr/bin/nm
configure:4420: checking the name lister (/usr/bin/nm) interface
configure:4427: gcc -c -g -O2  conftest.c >&5
configure:4430: /usr/bin/nm "conftest.o"
configure:4433: output
0000000000000184 D _some_variable
configure:4440: result: BSD nm
configure:4443: checking whether ln -s works
configure:4447: result: yes
configure:4455: checking the maximum length of command line arguments
configure:4580: result: 196608
configure:4597: checking whether the shell understands some XSI constructs
configure:4607: result: yes
configure:4611: checking whether the shell understands "+="
configure:4617: result: yes
configure:4652: checking how to convert x86_64-apple-darwin10.7.0 file names to x86_64-apple-darwin10.7.0 format
configure:4692: result: func_convert_file_noop
configure:4699: checking how to convert x86_64-apple-darwin10.7.0 file names to toolchain format
configure:4719: result: func_convert_file_noop
configure:4726: checking for /usr/libexec/gcc/i686-apple-darwin10/4.2.1/ld option to reload object files
configure:4733: result: -r
configure:4807: checking for objdump
configure:4837: result: no
configure:4866: checking how to recognize dependent libraries
configure:5068: result: pass_all
configure:5153: checking for dlltool
configure:5183: result: no
configure:5213: checking how to associate runtime and link libraries
configure:5240: result: printf %s\n
configure:5301: checking for ar
configure:5317: found /usr/bin/ar
configure:5328: result: ar
configure:5365: checking for archiver @FILE support
configure:5382: gcc -c -g -O2  conftest.c >&5
configure:5382: $? = 0
configure:5385: ar cru libconftest.a @conftest.lst >&5
ar: @conftest.lst: No such file or directory
configure:5388: $? = 1
configure:5408: result: no
configure:5466: checking for strip
configure:5482: found /usr/bin/strip
configure:5493: result: strip
configure:5565: checking for ranlib
configure:5581: found /usr/bin/ranlib
configure:5592: result: ranlib
configure:5694: checking command to parse /usr/bin/nm output from gcc object
configure:5813: gcc -c -g -O2  conftest.c >&5
configure:5816: $? = 0
configure:5820: /usr/bin/nm conftest.o \| sed -n -e 's/^.*[ ]\([BCDEGRST][BCDEGRST]*\)[ ][ ]*\([_A-Za-z][_A-Za-z0-9]*\)$/\1 \2 \2/p' | sed '/ __gnu_lto/d' \> conftest.nm
configure:5823: $? = 0
cannot find nm_test_var in conftest.nm
configure:5813: gcc -c -g -O2  conftest.c >&5
configure:5816: $? = 0
configure:5820: /usr/bin/nm conftest.o \| sed -n -e 's/^.*[ ]\([BCDEGRST][BCDEGRST]*\)[ ][ ]*_\([_A-Za-z][_A-Za-z0-9]*\)$/\1 _\2 \2/p' | sed '/ __gnu_lto/d' \> conftest.nm
configure:5823: $? = 0
configure:5889: gcc -o conftest -g -O2   conftest.c conftstm.o >&5
configure:5892: $? = 0
configure:5930: result: ok
configure:5967: checking for sysroot
configure:5997: result: no
configure:6240: checking for mt
configure:6270: result: no
configure:6290: checking if : is a manifest tool
configure:6296: : '-?'
configure:6304: result: no
configure:6360: checking for dsymutil
configure:6376: found /usr/bin/dsymutil
configure:6387: result: dsymutil
configure:6452: checking for nmedit
configure:6468: found /usr/bin/nmedit
configure:6479: result: nmedit
configure:6544: checking for lipo
configure:6560: found /usr/bin/lipo
configure:6571: result: lipo
configure:6636: checking for otool
configure:6652: found /usr/bin/otool
configure:6663: result: otool
configure:6728: checking for otool64
configure:6758: result: no
configure:6803: checking for -single_module linker flag
gcc -g -O2  -o libconftest.dylib -dynamiclib -Wl,-single_module conftest.c
configure:6830: result: yes
configure:6832: checking for -exported_symbols_list linker flag
configure:6852: gcc -o conftest -g -O2   -Wl,-exported_symbols_list,conftest.sym conftest.c  >&5
configure:6852: $? = 0
configure:6862: result: yes
configure:6864: checking for -force_load linker flag
gcc -g -O2 -c -o conftest.o conftest.c
ar cru libconftest.a conftest.o
ranlib libconftest.a
gcc -g -O2  -o conftest conftest.c -Wl,-force_load,./libconftest.a
configure:6894: result: yes
configure:6936: checking how to run the C preprocessor
configure:6967: gcc -E  conftest.c
configure:6967: $? = 0
configure:6981: gcc -E  conftest.c
conftest.c:11:28: error: ac_nonexistent.h: No such file or directory
configure:6981: $? = 1
configure: failed program was:
| /* confdefs.h */
| #define PACKAGE_NAME "rings"
| #define PACKAGE_TARNAME "rings"
| #define PACKAGE_VERSION "1.0"
| #define PACKAGE_STRING "rings 1.0"
| #define PACKAGE_BUGREPORT "w-farr@northwestern.edu"
| #define PACKAGE_URL ""
| #define PACKAGE "rings"
| #define VERSION "1.0"
| /* end confdefs.h.  */
| #include <ac_nonexistent.h>
configure:7006: result: gcc -E
configure:7026: gcc -E  conftest.c
configure:7026: $? = 0
configure:7040: gcc -E  conftest.c
conftest.c:11:28: error: ac_nonexistent.h: No such file or directory
configure:7040: $? = 1
configure: failed program was:
| /* confdefs.h */
| #define PACKAGE_NAME "rings"
| #define PACKAGE_TARNAME "rings"
| #define PACKAGE_VERSION "1.0"
| #define PACKAGE_STRING "rings 1.0"
| #define PACKAGE_BUGREPORT "w-farr@northwestern.edu"
| #define PACKAGE_URL ""
| #define PACKAGE "rings"
| #define VERSION "1.0"
| /* end confdefs.h.  */
| #include <ac_nonexistent.h>
configure:7069: checking for ANSI C header files
configure:7089: gcc -c -g -O2  conftest.c >&5
configure:7089: $? = 0
configure:7162: gcc -o conftest -g -O2   conftest.c  >&5
configure:7162: $? = 0
configure:7162: ./conftest
configure:7162: $? = 0
configure:7173: result: yes
configure:7186: checking for sys/types.h
configure:7186: gcc -c -g -O2  conftest.c >&5
configure:7186: $? = 0
configure:7186: result: yes
configure:7186: checking for sys/stat.h
configure:7186: gcc -c -g -O2  conftest.c >&5
configure:7186: $? = 0
configure:7186: result: yes
configure:7186: checking for stdlib.h
configure:7186: gcc -c -g -O2  conftest.c >&5
configure:7186: $? = 0
configure:7186: result: yes
configure:7186: checking for string.h
configure:7186: gcc -c -g -O2  conftest.c >&5
configure:7186: $? = 0
configure:7186: result: yes
configure:7186: checking for memory.h
configure:7186: gcc -c -g -O2  conftest.c >&5
configure:7186: $? = 0
configure:7186: result: yes
configure:7186: checking for strings.h
configure:7186: gcc -c -g -O2  conftest.c >&5
configure:7186: $? = 0
configure:7186: result: yes
configure:7186: checking for inttypes.h
configure:7186: gcc -c -g -O2  conftest.c >&5
configure:7186: $? = 0
configure:7186: result: yes
configure:7186: checking for stdint.h
configure:7186: gcc -c -g -O2  conftest.c >&5
configure:7186: $? = 0
configure:7186: result: yes
configure:7186: checking for unistd.h
configure:7186: gcc -c -g -O2  conftest.c >&5
configure:7186: $? = 0
configure:7186: result: yes
configure:7200: checking for dlfcn.h
configure:7200: gcc -c -g -O2  conftest.c >&5
configure:7200: $? = 0
configure:7200: result: yes
configure:7387: checking for objdir
configure:7402: result: .libs
configure:7673: checking if gcc supports -fno-rtti -fno-exceptions
configure:7691: gcc -c -g -O2  -fno-rtti -fno-exceptions conftest.c >&5
cc1: warning: command line option "-fno-rtti" is valid for C++/ObjC++ but not for C
configure:7695: $? = 0
configure:7708: result: no
configure:8018: checking for gcc option to produce PIC
configure:8025: result: -fno-common -DPIC
configure:8033: checking if gcc PIC flag -fno-common -DPIC works
configure:8051: gcc -c -g -O2  -fno-common -DPIC -DPIC conftest.c >&5
configure:8055: $? = 0
configure:8068: result: yes
configure:8097: checking if gcc static flag -static works
configure:8125: result: no
configure:8140: checking if gcc supports -c -o file.o
configure:8161: gcc -c -g -O2  -o out/conftest2.o conftest.c >&5
configure:8165: $? = 0
configure:8187: result: yes
configure:8195: checking if gcc supports -c -o file.o
configure:8242: result: yes
configure:8275: checking whether the gcc linker (/usr/libexec/gcc/i686-apple-darwin10/4.2.1/ld) supports shared libraries
configure:9433: result: yes
configure:9678: checking dynamic linker characteristics
configure:10414: result: darwin10.7.0 dyld
configure:10521: checking how to hardcode library paths into programs
configure:10546: result: immediate
configure:11086: checking whether stripping libraries is possible
configure:11100: result: yes
configure:11126: checking if libtool supports shared libraries
configure:11128: result: yes
configure:11131: checking whether to build shared libraries
configure:11152: result: yes
configure:11155: checking whether to build static libraries
configure:11159: result: yes
configure:11202: checking for getopt_long
configure:11202: gcc -o conftest -I/opt/local/include -g -O2 -I/opt/local/include  -L/opt/local/lib  conftest.c  >&5
configure:11202: $? = 0
configure:11202: result: yes
configure:11210: checking for cblas_ddot in -lgslcblas
configure:11235: gcc -o conftest -I/opt/local/include -g -O2 -I/opt/local/include  -L/opt/local/lib  conftest.c -lgslcblas   >&5
configure:11235: $? = 0
configure:11244: result: yes
configure:11254: checking for gsl_sf_ellint_Ecomp in -lgsl
configure:11279: gcc -o conftest -I/opt/local/include -g -O2 -I/opt/local/include  -L/opt/local/lib  conftest.c -lgsl  -lgslcblas  >&5
configure:11279: $? = 0
configure:11288: result: yes
configure:11299: checking gsl/gsl_sf.h usability
configure:11299: gcc -c -I/opt/local/include -g -O2 -I/opt/local/include  conftest.c >&5
configure:11299: $? = 0
configure:11299: result: yes
configure:11299: checking gsl/gsl_sf.h presence
configure:11299: gcc -E -I/opt/local/include  conftest.c
configure:11299: $? = 0
configure:11299: result: yes
configure:11299: checking for gsl/gsl_sf.h
configure:11299: result: yes
configure:11307: checking getopt.h usability
configure:11307: gcc -c -I/opt/local/include -g -O2 -I/opt/local/include  conftest.c >&5
configure:11307: $? = 0
configure:11307: result: yes
configure:11307: checking getopt.h presence
configure:11307: gcc -E -I/opt/local/include  conftest.c
configure:11307: $? = 0
configure:11307: result: yes
configure:11307: checking for getopt.h
configure:11307: result: yes
configure:11452: creating ./config.status

## ---------------------- ##
## Running config.status. ##
## ---------------------- ##

This file was extended by rings config.status 1.0, which was
generated by GNU Autoconf 2.68.  Invocation command line was

  CONFIG_FILES    = 
  CONFIG_HEADERS  = 
  CONFIG_LINKS    = 
  CONFIG_COMMANDS = 
  $ ./config.status 

on dhcp-129-105-65-163.astro.northwestern.edu

config.status:1088: creating Makefile
config.status:1088: creating src/Makefile
config.status:1088: creating test/Makefile
config.status:1088: creating config.h
config.status:1317: executing depfiles commands
config.status:1317: executing libtool commands

## ---------------- ##
## Cache variables. ##
## ---------------- ##

ac_cv_build=x86_64-apple-darwin10.7.0
ac_cv_c_compiler_gnu=yes
ac_cv_env_CC_set=
ac_cv_env_CC_value=
ac_cv_env_CFLAGS_set=
ac_cv_env_CFLAGS_value=
ac_cv_env_CPPFLAGS_set=
ac_cv_env_CPPFLAGS_value=
ac_cv_env_CPP_set=
ac_cv_env_CPP_value=
ac_cv_env_LDFLAGS_set=
ac_cv_env_LDFLAGS_value=
ac_cv_env_LIBS_set=
ac_cv_env_LIBS_value=
ac_cv_env_build_alias_set=
ac_cv_env_build_alias_value=
ac_cv_env_host_alias_set=
ac_cv_env_host_alias_value=
ac_cv_env_target_alias_set=
ac_cv_env_target_alias_value=
ac_cv_func_getopt_long=yes
ac_cv_header_dlfcn_h=yes
ac_cv_header_getopt_h=yes
ac_cv_header_gsl_gsl_sf_h=yes
ac_cv_header_inttypes_h=yes
ac_cv_header_memory_h=yes
ac_cv_header_stdc=yes
ac_cv_header_stdint_h=yes
ac_cv_header_stdlib_h=yes
ac_cv_header_string_h=yes
ac_cv_header_strings_h=yes
ac_cv_header_sys_stat_h=yes
ac_cv_header_sys_types_h=yes
ac_cv_header_unistd_h=yes
ac_cv_host=x86_64-apple-darwin10.7.0
ac_cv_lib_gsl_gsl_sf_ellint_Ecomp=yes
ac_cv_lib_gslcblas_cblas_ddot=yes
ac_cv_objext=o
ac_cv_path_EGREP='/usr/bin/grep -E'
ac_cv_path_FGREP='/usr/bin/grep -F'
ac_cv_path_GREP=/usr/bin/grep
ac_cv_path_SED=/opt/local/bin/gsed
ac_cv_path_install='/opt/local/bin/ginstall -c'
ac_cv_path_mkdir=/opt/local/bin/gmkdir
ac_cv_prog_AWK=gawk
ac_cv_prog_CPP='gcc -E'
ac_cv_prog_ac_ct_AR=ar
ac_cv_prog_ac_ct_CC=gcc
ac_cv_prog_ac_ct_DSYMUTIL=dsymutil
ac_cv_prog_ac_ct_LIPO=lipo
ac_cv_prog_ac_ct_NMEDIT=nmedit
ac_cv_prog_ac_ct_OTOOL=otool
ac_cv_prog_ac_ct_RANLIB=ranlib
ac_cv_prog_ac_ct_STRIP=strip
ac_cv_prog_cc_c89=
ac_cv_prog_cc_g=yes
ac_cv_prog_make_make_set=yes
am_cv_CC_dependencies_compiler_type=gcc3
lt_cv_apple_cc_single_mod=yes
lt_cv_ar_at_file=no
lt_cv_deplibs_check_method=pass_all
lt_cv_file_magic_cmd='$MAGIC_CMD'
lt_cv_file_magic_test_file=
lt_cv_ld_exported_symbols_list=yes
lt_cv_ld_force_load=yes
lt_cv_ld_reload_flag=-r
lt_cv_nm_interface='BSD nm'
lt_cv_objdir=.libs
lt_cv_path_LD=/usr/libexec/gcc/i686-apple-darwin10/4.2.1/ld
lt_cv_path_NM=/usr/bin/nm
lt_cv_path_mainfest_tool=no
lt_cv_prog_compiler_c_o=yes
lt_cv_prog_compiler_pic='-fno-common -DPIC'
lt_cv_prog_compiler_pic_works=yes
lt_cv_prog_compiler_rtti_exceptions=no
lt_cv_prog_compiler_static_works=no
lt_cv_prog_gnu_ld=no
lt_cv_sharedlib_from_linklib_cmd='printf %s\n'
lt_cv_sys_global_symbol_pipe='sed -n -e '\''s/^.*[	 ]\([BCDEGRST][BCDEGRST]*\)[	 ][	 ]*_\([_A-Za-z][_A-Za-z0-9]*\)$/\1 _\2 \2/p'\'' | sed '\''/ __gnu_lto/d'\'''
lt_cv_sys_global_symbol_to_c_name_address='sed -n -e '\''s/^: \([^ ]*\)[ ]*$/  {\"\1\", (void *) 0},/p'\'' -e '\''s/^[BCDEGRST]* \([^ ]*\) \([^ ]*\)$/  {"\2", (void *) \&\2},/p'\'''
lt_cv_sys_global_symbol_to_c_name_address_lib_prefix='sed -n -e '\''s/^: \([^ ]*\)[ ]*$/  {\"\1\", (void *) 0},/p'\'' -e '\''s/^[BCDEGRST]* \([^ ]*\) \(lib[^ ]*\)$/  {"\2", (void *) \&\2},/p'\'' -e '\''s/^[BCDEGRST]* \([^ ]*\) \([^ ]*\)$/  {"lib\2", (void *) \&\2},/p'\'''
lt_cv_sys_global_symbol_to_cdecl='sed -n -e '\''s/^T .* \(.*\)$/extern int \1();/p'\'' -e '\''s/^[BCDEGRST]* .* \(.*\)$/extern char \1;/p'\'''
lt_cv_sys_max_cmd_len=196608
lt_cv_to_host_file_cmd=func_convert_file_noop
lt_cv_to_tool_file_cmd=func_convert_file_noop

## ----------------- ##
## Output variables. ##
## ----------------- ##

ACLOCAL='${SHELL} /Users/farr/Documents/Research/Rings/code/missing --run aclocal-1.11'
AMDEPBACKSLASH='\'
AMDEP_FALSE='#'
AMDEP_TRUE=''
AMTAR='${SHELL} /Users/farr/Documents/Research/Rings/code/missing --run tar'
AR='ar'
AUTOCONF='${SHELL} /Users/farr/Documents/Research/Rings/code/missing --run autoconf'
AUTOHEADER='${SHELL} /Users/farr/Documents/Research/Rings/code/missing --run autoheader'
AUTOMAKE='${SHELL} /Users/farr/Documents/Research/Rings/code/missing --run automake-1.11'
AWK='gawk'
CC='gcc'
CCDEPMODE='depmode=gcc3'
CFLAGS='-I/opt/local/include -g -O2'
CPP='gcc -E'
CPPFLAGS='-I/opt/local/include '
CYGPATH_W='echo'
DEFS='-DHAVE_CONFIG_H'
DEPDIR='.deps'
DLLTOOL='false'
DSYMUTIL='dsymutil'
DUMPBIN=''
ECHO_C='\c'
ECHO_N=''
ECHO_T=''
EGREP='/usr/bin/grep -E'
EXEEXT=''
FGREP='/usr/bin/grep -F'
GREP='/usr/bin/grep'
INSTALL_DATA='${INSTALL} -m 644'
INSTALL_PROGRAM='${INSTALL}'
INSTALL_SCRIPT='${INSTALL}'
INSTALL_STRIP_PROGRAM='$(install_sh) -c -s'
LD='/usr/libexec/gcc/i686-apple-darwin10/4.2.1/ld'
LDFLAGS='-L/opt/local/lib '
LIBOBJS=''
LIBS='-lgsl -lgslcblas '
LIBTOOL='$(SHELL) $(top_builddir)/libtool'
LIPO='lipo'
LN_S='ln -s'
LTLIBOBJS=''
MAKEINFO='${SHELL} /Users/farr/Documents/Research/Rings/code/missing --run makeinfo'
MANIFEST_TOOL=':'
MKDIR_P='/opt/local/bin/gmkdir -p'
NM='/usr/bin/nm'
NMEDIT='nmedit'
OBJDUMP='false'
OBJEXT='o'
OTOOL64=':'
OTOOL='otool'
PACKAGE='rings'
PACKAGE_BUGREPORT='w-farr@northwestern.edu'
PACKAGE_NAME='rings'
PACKAGE_STRING='rings 1.0'
PACKAGE_TARNAME='rings'
PACKAGE_URL=''
PACKAGE_VERSION='1.0'
PATH_SEPARATOR=':'
RANLIB='ranlib'
SED='/opt/local/bin/gsed'
SET_MAKE=''
SHELL='/bin/sh'
STRIP='strip'
VERSION='1.0'
ac_ct_AR='ar'
ac_ct_CC='gcc'
ac_ct_DUMPBIN=''
am__EXEEXT_FALSE=''
am__EXEEXT_TRUE='#'
am__fastdepCC_FALSE='#'
am__fastdepCC_TRUE=''
am__include='include'
am__isrc=''
am__leading_dot='.'
am__quote=''
am__tar='${AMTAR} chof - "$$tardir"'
am__untar='${AMTAR} xf -'
bindir='${exec_prefix}/bin'
build='x86_64-apple-darwin10.7.0'
build_alias=''
build_cpu='x86_64'
build_os='darwin10.7.0'
build_vendor='apple'
datadir='${datarootdir}'
datarootdir='${prefix}/share'
docdir='${datarootdir}/doc/${PACKAGE_TARNAME}'
dvidir='${docdir}'
exec_prefix='${prefix}'
host='x86_64-apple-darwin10.7.0'
host_alias=''
host_cpu='x86_64'
host_os='darwin10.7.0'
host_vendor='apple'
htmldir='${docdir}'
includedir='${prefix}/include'
infodir='${datarootdir}/info'
install_sh='${SHELL} /Users/farr/Documents/Research/Rings/code/install-sh'
libdir='${exec_prefix}/lib'
libexecdir='${exec_prefix}/libexec'
localedir='${datarootdir}/locale'
localstatedir='${prefix}/var'
mandir='${datarootdir}/man'
mkdir_p='/opt/local/bin/gmkdir -p'
oldincludedir='/usr/include'
pdfdir='${docdir}'
prefix='/Users/farr'
program_transform_name='s,x,x,'
psdir='${docdir}'
sbindir='${exec_prefix}/sbin'
sharedstatedir='${prefix}/com'
sysconfdir='${prefix}/etc'
target_alias=''

## ----------- ##
## confdefs.h. ##
## ----------- ##

/* confdefs.h */
#define PACKAGE_NAME "rings"
#define PACKAGE_TARNAME "rings"
#define PACKAGE_VERSION "1.0"
#define PACKAGE_STRING "rings 1.0"
#define PACKAGE_BUGREPORT "w-farr@northwestern.edu"
#define PACKAGE_URL ""
#define PACKAGE "rings"
#define VERSION "1.0"
#define STDC_HEADERS 1
#define HAVE_SYS_TYPES_H 1
#define HAVE_SYS_STAT_H 1
#define HAVE_STDLIB_H 1
#define HAVE_STRING_H 1
#define HAVE_MEMORY_H 1
#define HAVE_STRINGS_H 1
#define HAVE_INTTYPES_H 1
#define HAVE_STDINT_H 1
#define HAVE_UNISTD_H 1
#define HAVE_DLFCN_H 1
#define LT_OBJDIR ".libs/"
#define HAVE_LIBGSLCBLAS /**/
#define HAVE_LIBGSL /**/

configure: exit 0
